<?xml version="1.0" encoding="UTF-8"?>
<!-- Generated by org.testng.reporters.JUnitReportReporter -->
<testsuite hostname="DESKTOP-JKMLIMQ" failures="0" tests="1" name="read_XLFile.Excel_sample_reading" time="0.313" errors="0" timestamp="2023-10-18T21:47:20 IST" skipped="0">
  <testcase classname="read_XLFile.Excel_sample_reading" name="read_excel_file_aspercondition" time="0.313"/>
  <system-out/>
</testsuite> <!-- read_XLFile.Excel_sample_reading -->
