<?xml version="1.0" encoding="UTF-8"?>
<!-- Generated by org.testng.reporters.JUnitReportReporter -->
<testsuite hostname="DESKTOP-JKMLIMQ" failures="0" tests="2" name="testing.iFrame_Learning" time="17.661" errors="0" timestamp="2023-10-12T21:42:33 IST" skipped="0">
  <testcase classname="testing.iFrame_Learning" name="frames_page" time="17.222"/>
  <testcase classname="testing.iFrame_Learning" name="test_homepage_1" time="0.439"/>
</testsuite> <!-- testing.iFrame_Learning -->
