<?xml version="1.0" encoding="UTF-8"?>
<!-- Generated by org.testng.reporters.JUnitReportReporter -->
<testsuite hostname="DESKTOP-JKMLIMQ" failures="0" tests="3" name="testScripts.GoogleTest" time="0.495" errors="0" timestamp="2023-10-13T00:44:25 IST" skipped="0">
  <testcase classname="testScripts.GoogleTest" name="test_the_SearchTextBox" time="0.120"/>
  <testcase classname="testScripts.GoogleTest" name="test_theLogo" time="0.296"/>
  <testcase classname="testScripts.GoogleTest" name="title_url" time="0.079"/>
</testsuite> <!-- testScripts.GoogleTest -->
