<?xml version="1.0" encoding="UTF-8"?>
<!-- Generated by org.testng.reporters.JUnitReportReporter -->
<testsuite hostname="DESKTOP-JKMLIMQ" failures="0" tests="4" name="testing.TC_004" time="0.128" errors="0" timestamp="2023-10-12T00:08:59 IST" skipped="0">
  <testcase classname="testing.TC_004" name="cart_pagevalidation" time="0.106"/>
  <testcase classname="testing.TC_004" name="signup_page__validation" time="0.005"/>
  <testcase classname="testing.TC_004" name="Signin_page_validationN" time="0.009"/>
  <testcase classname="testing.TC_004" name="homepage_validation" time="0.008"/>
</testsuite> <!-- testing.TC_004 -->
