<?xml version="1.0" encoding="UTF-8"?>
<!-- Generated by org.testng.reporters.JUnitReportReporter -->
<testsuite hostname="DESKTOP-JKMLIMQ" failures="0" tests="2" name="testing.Group_Learning_TC_5" time="0.018" errors="0" timestamp="2023-10-12T00:38:34 IST" skipped="0">
  <testcase classname="testing.Group_Learning_TC_5" name="Signin_page_validation" time="0.006"/>
  <testcase classname="testing.Group_Learning_TC_5" name="homepage_validation" time="0.012"/>
</testsuite> <!-- testing.Group_Learning_TC_5 -->
