<?xml version="1.0" encoding="UTF-8"?>
<!-- Generated by org.testng.reporters.JUnitReportReporter -->
<testsuite hostname="DESKTOP-JKMLIMQ" failures="0" tests="4" name="testing.Priority_Learning_TC_004" time="0.123" errors="0" timestamp="2023-10-12T00:38:34 IST" skipped="0">
  <testcase classname="testing.Priority_Learning_TC_004" name="cart_pagevalidation" time="0.104"/>
  <testcase classname="testing.Priority_Learning_TC_004" name="signup_page__validation" time="0.003"/>
  <testcase classname="testing.Priority_Learning_TC_004" name="Signin_page_validation" time="0.009"/>
  <testcase classname="testing.Priority_Learning_TC_004" name="homepage_validation" time="0.007"/>
</testsuite> <!-- testing.Priority_Learning_TC_004 -->
