<?xml version="1.0" encoding="UTF-8"?>
<!-- Generated by org.testng.reporters.JUnitReportReporter -->
<testsuite hostname="DESKTOP-JKMLIMQ" failures="0" tests="2" name="testing.TC_001" time="0.137" errors="0" timestamp="2023-10-11T01:00:52 IST" skipped="0">
  <testcase classname="testing.TC_001" name="do_some_testing" time="0.133"/>
  <testcase classname="testing.TC_001" name="do_some_testing_1" time="0.004"/>
</testsuite> <!-- testing.TC_001 -->
