<?xml version="1.0" encoding="UTF-8"?>
<!-- Generated by org.testng.reporters.JUnitReportReporter -->
<testsuite hostname="DESKTOP-JKMLIMQ" failures="0" tests="1" name="testing.TC_003" time="2.327" errors="0" timestamp="2023-10-17T23:13:05 IST" skipped="0">
  <testcase classname="testing.TC_003" name="test_homepage_1" time="2.327"/>
</testsuite> <!-- testing.TC_003 -->
